app/build/outputs/logs/manifest-merger-release-report.txt
-- Merging decision tree log ---
manifest
ADDED from src\main\AndroidManifest.xml:2:1-133:12
INJECTED from src\main\AndroidManifest.xml:2:1-133:12
INJECTED from src\main\AndroidManifest.xml:2:1-133:12
INJECTED from src\main\AndroidManifest.xml:2:1-133:12
MERGED from [:android-jungle-mediaplayer] AndroidManifest.xml:2:1-17:12
MERGED from [:DianYinLib] AndroidManifest.xml:2:1-14:12
MERGED from [:PushModel] AndroidManifest.xml:2:1-30:12
MERGED from [:WiFiModel] AndroidManifest.xml:2:1-22:12
MERGED from [:DownloadModel] AndroidManifest.xml:2:1-21:12
MERGED from [:OkHttpLib] AndroidManifest.xml:2:1-11:12
MERGED from [:wifiutils] AndroidManifest.xml:2:1-22:12
MERGED from [com.android.support:design:27.1.1] AndroidManifest.xml:17:1-22:12
MERGED from [com.android.support:appcompat-v7:27.1.1] AndroidManifest.xml:17:1-22:12
MERGED from [com.android.support.constraint:constraint-layout:1.1.2] AndroidManifest.xml:2:1-11:12
MERGED from [com.android.support:support-v4:27.1.1] AndroidManifest.xml:17:1-22:12
MERGED from [com.jakewharton:butterknife:8.4.0] AndroidManifest.xml:2:1-7:12
MERGED from [org.xutils:xutils:3.3.44] AndroidManifest.xml:2:1-14:12
MERGED from [com.android.support:recyclerview-v7:27.1.1] AndroidManifest.xml:17:1-22:12
MERGED from [com.android.support:cardview-v7:27.1.1] AndroidManifest.xml:17:1-22:12
MERGED from [com.tencent.bugly:crashreport:2.8.6.0] AndroidManifest.xml:2:1-9:12
MERGED from [com.tencent.bugly:nativecrashreport:3.6.0.1] AndroidManifest.xml:2:1-9:12
MERGED from [com.qihoo360.replugin:replugin-plugin-lib:2.3.0] AndroidManifest.xml:17:1-27:12
MERGED from [com.android.support:support-fragment:27.1.1] AndroidManifest.xml:17:1-22:12
MERGED from [com.android.support:animated-vector-drawable:27.1.1] AndroidManifest.xml:17:1-22:12
MERGED from [com.android.support:support-core-ui:27.1.1] AndroidManifest.xml:17:1-22:12
MERGED from [com.android.support:support-core-utils:27.1.1] AndroidManifest.xml:17:1-22:12
MERGED from [com.android.support:support-vector-drawable:27.1.1] AndroidManifest.xml:17:1-22:12
MERGED from [com.android.support:support-media-compat:27.1.1] AndroidManifest.xml:17:1-22:12
MERGED from [com.android.support:transition:27.1.1] AndroidManifest.xml:17:1-22:12
MERGED from [com.android.support:support-compat:27.1.1] AndroidManifest.xml:17:1-22:12
MERGED from [android.arch.lifecycle:livedata-core:1.1.0] AndroidManifest.xml:17:1-22:12
MERGED from [android.arch.lifecycle:viewmodel:1.1.0] AndroidManifest.xml:17:1-22:12
MERGED from [android.arch.lifecycle:runtime:1.1.0] AndroidManifest.xml:17:1-22:12
MERGED from [android.arch.core:runtime:1.1.0] AndroidManifest.xml:17:1-22:12
INJECTED from src\main\AndroidManifest.xml:2:1-133:12
INJECTED from src\main\AndroidManifest.xml:2:1-133:12
INJECTED from src\main\AndroidManifest.xml:2:1-133:12
	package
		ADDED from src\main\AndroidManifest.xml:3:5-30
		INJECTED from src\main\AndroidManifest.xml
		INJECTED from src\main\AndroidManifest.xml
	android:versionName
		INJECTED from src\main\AndroidManifest.xml
		ADDED from src\main\AndroidManifest.xml:2:1-133:12
		INJECTED from src\main\AndroidManifest.xml
	android:versionCode
		INJECTED from src\main\AndroidManifest.xml
		ADDED from src\main\AndroidManifest.xml:2:1-133:12
		INJECTED from src\main\AndroidManifest.xml
	xmlns:android
		ADDED from src\main\AndroidManifest.xml:2:11-69
	android:installLocation
		ADDED from src\main\AndroidManifest.xml:4:5-35
uses-permission#android.permission.CHANGE_WIFI_MULTICAST_STATE
ADDED from src\main\AndroidManifest.xml:6:5-86
MERGED from [:WiFiModel] AndroidManifest.xml:15:5-86
MERGED from [:WiFiModel] AndroidManifest.xml:15:5-86
MERGED from [:DownloadModel] AndroidManifest.xml:15:5-86
MERGED from [:DownloadModel] AndroidManifest.xml:15:5-86
	android:name
		ADDED from src\main\AndroidManifest.xml:6:22-83
uses-permission#android.permission.CHANGE_NETWORK_STATE
ADDED from src\main\AndroidManifest.xml:7:5-79
MERGED from [:WiFiModel] AndroidManifest.xml:17:5-79
MERGED from [:WiFiModel] AndroidManifest.xml:17:5-79
MERGED from [:DownloadModel] AndroidManifest.xml:17:5-79
MERGED from [:DownloadModel] AndroidManifest.xml:17:5-79
MERGED from [:wifiutils] AndroidManifest.xml:12:5-79
MERGED from [:wifiutils] AndroidManifest.xml:12:5-79
	android:name
		ADDED from src\main\AndroidManifest.xml:7:22-76
uses-permission#android.permission.RECEIVE_BOOT_COMPLETED
ADDED from src\main\AndroidManifest.xml:8:5-81
	android:name
		ADDED from src\main\AndroidManifest.xml:8:22-78
uses-permission#android.permission.REQUEST_INSTALL_PACKAGES
ADDED from src\main\AndroidManifest.xml:9:5-83
	android:name
		ADDED from src\main\AndroidManifest.xml:9:22-80
uses-permission#android.permission.KILL_BACKGROUND_PROCESSES
ADDED from src\main\AndroidManifest.xml:10:5-83
	android:name
		ADDED from src\main\AndroidManifest.xml:10:22-81
uses-permission#android.permission.ACCESS_NETWORK_STATE
ADDED from src\main\AndroidManifest.xml:13:5-79
MERGED from [:DianYinLib] AndroidManifest.xml:11:5-79
MERGED from [:DianYinLib] AndroidManifest.xml:11:5-79
MERGED from [:WiFiModel] AndroidManifest.xml:13:5-79
MERGED from [:WiFiModel] AndroidManifest.xml:13:5-79
MERGED from [:DownloadModel] AndroidManifest.xml:13:5-79
MERGED from [:DownloadModel] AndroidManifest.xml:13:5-79
MERGED from [:wifiutils] AndroidManifest.xml:11:5-79
MERGED from [:wifiutils] AndroidManifest.xml:11:5-79
	android:name
		ADDED from src\main\AndroidManifest.xml:13:22-76
uses-permission#android.permission.ACCESS_WIFI_STATE
ADDED from src\main\AndroidManifest.xml:15:5-76
MERGED from [:DianYinLib] AndroidManifest.xml:12:5-76
MERGED from [:DianYinLib] AndroidManifest.xml:12:5-76
MERGED from [:WiFiModel] AndroidManifest.xml:14:5-76
MERGED from [:WiFiModel] AndroidManifest.xml:14:5-76
MERGED from [:DownloadModel] AndroidManifest.xml:14:5-76
MERGED from [:DownloadModel] AndroidManifest.xml:14:5-76
MERGED from [:wifiutils] AndroidManifest.xml:13:5-76
MERGED from [:wifiutils] AndroidManifest.xml:13:5-76
	android:name
		ADDED from src\main\AndroidManifest.xml:15:22-73
uses-permission#android.permission.CHANGE_WIFI_STATE
ADDED from src\main\AndroidManifest.xml:17:5-76
MERGED from [:WiFiModel] AndroidManifest.xml:16:5-76
MERGED from [:WiFiModel] AndroidManifest.xml:16:5-76
MERGED from [:DownloadModel] AndroidManifest.xml:16:5-76
MERGED from [:DownloadModel] AndroidManifest.xml:16:5-76
MERGED from [:wifiutils] AndroidManifest.xml:14:5-76
MERGED from [:wifiutils] AndroidManifest.xml:14:5-76
	android:name
		ADDED from src\main\AndroidManifest.xml:17:22-73
uses-permission#android.permission.CHANGE_CONFIGURATION
ADDED from src\main\AndroidManifest.xml:18:5-79
	android:name
		ADDED from src\main\AndroidManifest.xml:18:22-76
uses-permission#android.permission.SET_TIME_ZONE
ADDED from src\main\AndroidManifest.xml:19:5-72
	android:name
		ADDED from src\main\AndroidManifest.xml:19:22-69
uses-permission#android.permission.INTERNET
ADDED from src\main\AndroidManifest.xml:21:5-67
MERGED from [:WiFiModel] AndroidManifest.xml:11:5-67
MERGED from [:WiFiModel] AndroidManifest.xml:11:5-67
MERGED from [:DownloadModel] AndroidManifest.xml:11:5-67
MERGED from [:DownloadModel] AndroidManifest.xml:11:5-67
	android:name
		ADDED from src\main\AndroidManifest.xml:21:22-64
uses-permission#android.permission.WAKE_LOCK
ADDED from src\main\AndroidManifest.xml:24:5-68
	android:name
		ADDED from src\main\AndroidManifest.xml:24:22-65
uses-permission#android.permission.ACCESS_COARSE_LOCATION
ADDED from src\main\AndroidManifest.xml:28:5-81
	android:name
		ADDED from src\main\AndroidManifest.xml:28:22-78
uses-permission#android.permission.ACCESS_FINE_LOCATION
ADDED from src\main\AndroidManifest.xml:30:5-79
	android:name
		ADDED from src\main\AndroidManifest.xml:30:22-76
uses-permission#android.permission.ACCESS_LOCATION_EXTRA_COMMANDS
ADDED from src\main\AndroidManifest.xml:32:5-89
	android:name
		ADDED from src\main\AndroidManifest.xml:32:22-86
uses-permission#android.permission.WRITE_EXTERNAL_STORAGE
ADDED from src\main\AndroidManifest.xml:34:5-81
MERGED from [:WiFiModel] AndroidManifest.xml:12:5-81
MERGED from [:WiFiModel] AndroidManifest.xml:12:5-81
MERGED from [:DownloadModel] AndroidManifest.xml:12:5-81
MERGED from [:DownloadModel] AndroidManifest.xml:12:5-81
	android:name
		ADDED from src\main\AndroidManifest.xml:34:22-78
uses-permission#android.permission.READ_EXTERNAL_STORAGE
ADDED from src\main\AndroidManifest.xml:36:5-80
	android:name
		ADDED from src\main\AndroidManifest.xml:36:22-77
uses-permission#android.permission.READ_PHONE_STATE
ADDED from src\main\AndroidManifest.xml:39:5-75
	android:name
		ADDED from src\main\AndroidManifest.xml:39:22-72
uses-permission#android.permission.WRITE_SETTINGS
ADDED from src\main\AndroidManifest.xml:42:5-73
MERGED from [:WiFiModel] AndroidManifest.xml:18:5-73
MERGED from [:WiFiModel] AndroidManifest.xml:18:5-73
	android:name
		ADDED from src\main\AndroidManifest.xml:42:22-70
uses-permission#android.permission.BLUETOOTH_ADMIN
ADDED from src\main\AndroidManifest.xml:45:5-74
	android:name
		ADDED from src\main\AndroidManifest.xml:45:22-71
uses-permission#android.permission.BLUETOOTH
ADDED from src\main\AndroidManifest.xml:47:5-68
	android:name
		ADDED from src\main\AndroidManifest.xml:47:22-65
application
ADDED from src\main\AndroidManifest.xml:49:5-131:19
MERGED from [:android-jungle-mediaplayer] AndroidManifest.xml:11:5-15:19
MERGED from [:android-jungle-mediaplayer] AndroidManifest.xml:11:5-15:19
MERGED from [:PushModel] AndroidManifest.xml:11:5-28:19
MERGED from [:PushModel] AndroidManifest.xml:11:5-28:19
MERGED from [:wifiutils] AndroidManifest.xml:16:5-20:19
MERGED from [:wifiutils] AndroidManifest.xml:16:5-20:19
MERGED from [com.android.support.constraint:constraint-layout:1.1.2] AndroidManifest.xml:9:5-20
MERGED from [com.android.support.constraint:constraint-layout:1.1.2] AndroidManifest.xml:9:5-20
MERGED from [org.xutils:xutils:3.3.44] AndroidManifest.xml:12:5-20
MERGED from [org.xutils:xutils:3.3.44] AndroidManifest.xml:12:5-20
MERGED from [com.qihoo360.replugin:replugin-plugin-lib:2.3.0] AndroidManifest.xml:24:5-25:19
MERGED from [com.qihoo360.replugin:replugin-plugin-lib:2.3.0] AndroidManifest.xml:24:5-25:19
	android:supportsRtl
		ADDED from src\main\AndroidManifest.xml:55:9-35
	android:label
		ADDED from src\main\AndroidManifest.xml:53:9-41
	android:hardwareAccelerated
		ADDED from src\main\AndroidManifest.xml:56:9-43
	android:roundIcon
		ADDED from src\main\AndroidManifest.xml:54:9-41
	android:icon
		ADDED from src\main\AndroidManifest.xml:52:9-36
	android:allowBackup
		ADDED from src\main\AndroidManifest.xml:51:9-35
	android:theme
		ADDED from src\main\AndroidManifest.xml:57:9-40
	android:name
		ADDED from src\main\AndroidManifest.xml:50:9-53
activity#com.znt.speaker.VideoPageActivity
ADDED from src\main\AndroidManifest.xml:58:9-70:20
	android:screenOrientation
		ADDED from src\main\AndroidManifest.xml:64:13-49
	android:launchMode
		ADDED from src\main\AndroidManifest.xml:61:13-48
	android:hardwareAccelerated
		ADDED from src\main\AndroidManifest.xml:63:13-47
	android:exported
		ADDED from src\main\AndroidManifest.xml:62:13-36
	android:configChanges
		ADDED from src\main\AndroidManifest.xml:60:13-74
	android:name
		ADDED from src\main\AndroidManifest.xml:59:13-46
intent-filter#action:name:android.intent.action.MAIN+category:name:android.intent.category.LAUNCHER
ADDED from src\main\AndroidManifest.xml:65:13-69:29
action#android.intent.action.MAIN
ADDED from src\main\AndroidManifest.xml:66:17-69
	android:name
		ADDED from src\main\AndroidManifest.xml:66:25-66
category#android.intent.category.LAUNCHER
ADDED from src\main\AndroidManifest.xml:68:17-77
	android:name
		ADDED from src\main\AndroidManifest.xml:68:27-74
service#com.znt.download.ZNTDownloadService
ADDED from src\main\AndroidManifest.xml:73:9-76:69
	android:process
		ADDED from src\main\AndroidManifest.xml:76:13-66
	android:permission
		ADDED from src\main\AndroidManifest.xml:75:13-38
	android:name
		ADDED from src\main\AndroidManifest.xml:74:13-63
service#com.znt.push.ZNTPushService
ADDED from src\main\AndroidManifest.xml:77:9-80:61
	android:process
		ADDED from src\main\AndroidManifest.xml:80:13-58
	android:permission
		ADDED from src\main\AndroidManifest.xml:79:13-38
	android:name
		ADDED from src\main\AndroidManifest.xml:78:13-55
service#com.znt.wifimodel.ZNTWifiService
ADDED from src\main\AndroidManifest.xml:81:9-84:66
	android:process
		ADDED from src\main\AndroidManifest.xml:84:13-63
	android:permission
		ADDED from src\main\AndroidManifest.xml:83:13-38
	android:name
		ADDED from src\main\AndroidManifest.xml:82:13-60
activity#com.znt.speaker.SettingActivity
ADDED from src\main\AndroidManifest.xml:91:9-53
	android:name
		ADDED from src\main\AndroidManifest.xml:91:19-50
receiver#com.znt.speaker.receiver.MyReceiver
ADDED from src\main\AndroidManifest.xml:93:9-100:20
	android:enabled
		ADDED from src\main\AndroidManifest.xml:95:13-35
	android:exported
		ADDED from src\main\AndroidManifest.xml:96:13-36
	android:name
		ADDED from src\main\AndroidManifest.xml:94:13-48
intent-filter#action:name:android.intent.action.BOOT_COMPLETED
ADDED from src\main\AndroidManifest.xml:97:13-99:29
	android:priority
		ADDED from src\main\AndroidManifest.xml:97:28-51
action#android.intent.action.BOOT_COMPLETED
ADDED from src\main\AndroidManifest.xml:98:17-79
	android:name
		ADDED from src\main\AndroidManifest.xml:98:25-76
meta-data#com.amap.api.v2.apikey
ADDED from src\main\AndroidManifest.xml:103:9-105:64
	android:value
		ADDED from src\main\AndroidManifest.xml:105:13-61
	android:name
		ADDED from src\main\AndroidManifest.xml:104:13-50
service#com.amap.api.location.APSService
ADDED from src\main\AndroidManifest.xml:107:9-68
	android:name
		ADDED from src\main\AndroidManifest.xml:107:18-65
provider#android.support.v4.content.FileProvider
ADDED from src\main\AndroidManifest.xml:109:9-117:20
	android:grantUriPermissions
		ADDED from src\main\AndroidManifest.xml:113:13-47
	android:authorities
		ADDED from src\main\AndroidManifest.xml:111:13-63
	android:exported
		ADDED from src\main\AndroidManifest.xml:112:13-37
	android:name
		ADDED from src\main\AndroidManifest.xml:110:13-67
meta-data#android.support.FILE_PROVIDER_PATHS
ADDED from src\main\AndroidManifest.xml:114:13-116:58
	android:resource
		ADDED from src\main\AndroidManifest.xml:116:17-55
	android:name
		ADDED from src\main\AndroidManifest.xml:115:17-67
uses-sdk
INJECTED from src\main\AndroidManifest.xml reason: use-sdk injection requested
INJECTED from src\main\AndroidManifest.xml
INJECTED from src\main\AndroidManifest.xml
MERGED from [:android-jungle-mediaplayer] AndroidManifest.xml:7:5-9:41
MERGED from [:android-jungle-mediaplayer] AndroidManifest.xml:7:5-9:41
MERGED from [:DianYinLib] AndroidManifest.xml:7:5-9:41
MERGED from [:DianYinLib] AndroidManifest.xml:7:5-9:41
MERGED from [:PushModel] AndroidManifest.xml:7:5-9:41
MERGED from [:PushModel] AndroidManifest.xml:7:5-9:41
MERGED from [:WiFiModel] AndroidManifest.xml:7:5-9:41
MERGED from [:WiFiModel] AndroidManifest.xml:7:5-9:41
MERGED from [:DownloadModel] AndroidManifest.xml:7:5-9:41
MERGED from [:DownloadModel] AndroidManifest.xml:7:5-9:41
MERGED from [:OkHttpLib] AndroidManifest.xml:7:5-9:41
MERGED from [:OkHttpLib] AndroidManifest.xml:7:5-9:41
MERGED from [:wifiutils] AndroidManifest.xml:7:5-9:41
MERGED from [:wifiutils] AndroidManifest.xml:7:5-9:41
MERGED from [com.android.support:design:27.1.1] AndroidManifest.xml:20:5-44
MERGED from [com.android.support:design:27.1.1] AndroidManifest.xml:20:5-44
MERGED from [com.android.support:appcompat-v7:27.1.1] AndroidManifest.xml:20:5-44
MERGED from [com.android.support:appcompat-v7:27.1.1] AndroidManifest.xml:20:5-44
MERGED from [com.android.support.constraint:constraint-layout:1.1.2] AndroidManifest.xml:5:5-7:41
MERGED from [com.android.support.constraint:constraint-layout:1.1.2] AndroidManifest.xml:5:5-7:41
MERGED from [com.android.support:support-v4:27.1.1] AndroidManifest.xml:20:5-44
MERGED from [com.android.support:support-v4:27.1.1] AndroidManifest.xml:20:5-44
MERGED from [com.jakewharton:butterknife:8.4.0] AndroidManifest.xml:5:5-43
MERGED from [com.jakewharton:butterknife:8.4.0] AndroidManifest.xml:5:5-43
MERGED from [org.xutils:xutils:3.3.44] AndroidManifest.xml:8:5-10:41
MERGED from [org.xutils:xutils:3.3.44] AndroidManifest.xml:8:5-10:41
MERGED from [com.android.support:recyclerview-v7:27.1.1] AndroidManifest.xml:20:5-44
MERGED from [com.android.support:recyclerview-v7:27.1.1] AndroidManifest.xml:20:5-44
MERGED from [com.android.support:cardview-v7:27.1.1] AndroidManifest.xml:20:5-44
MERGED from [com.android.support:cardview-v7:27.1.1] AndroidManifest.xml:20:5-44
MERGED from [com.tencent.bugly:crashreport:2.8.6.0] AndroidManifest.xml:5:5-7:41
MERGED from [com.tencent.bugly:crashreport:2.8.6.0] AndroidManifest.xml:5:5-7:41
MERGED from [com.tencent.bugly:nativecrashreport:3.6.0.1] AndroidManifest.xml:5:5-7:41
MERGED from [com.tencent.bugly:nativecrashreport:3.6.0.1] AndroidManifest.xml:5:5-7:41
MERGED from [com.qihoo360.replugin:replugin-plugin-lib:2.3.0] AndroidManifest.xml:22:5-43
MERGED from [com.qihoo360.replugin:replugin-plugin-lib:2.3.0] AndroidManifest.xml:22:5-43
MERGED from [com.android.support:support-fragment:27.1.1] AndroidManifest.xml:20:5-44
MERGED from [com.android.support:support-fragment:27.1.1] AndroidManifest.xml:20:5-44
MERGED from [com.android.support:animated-vector-drawable:27.1.1] AndroidManifest.xml:20:5-44
MERGED from [com.android.support:animated-vector-drawable:27.1.1] AndroidManifest.xml:20:5-44
MERGED from [com.android.support:support-core-ui:27.1.1] AndroidManifest.xml:20:5-44
MERGED from [com.android.support:support-core-ui:27.1.1] AndroidManifest.xml:20:5-44
MERGED from [com.android.support:support-core-utils:27.1.1] AndroidManifest.xml:20:5-44
MERGED from [com.android.support:support-core-utils:27.1.1] AndroidManifest.xml:20:5-44
MERGED from [com.android.support:support-vector-drawable:27.1.1] AndroidManifest.xml:20:5-44
MERGED from [com.android.support:support-vector-drawable:27.1.1] AndroidManifest.xml:20:5-44
MERGED from [com.android.support:support-media-compat:27.1.1] AndroidManifest.xml:20:5-44
MERGED from [com.android.support:support-media-compat:27.1.1] AndroidManifest.xml:20:5-44
MERGED from [com.android.support:transition:27.1.1] AndroidManifest.xml:20:5-44
MERGED from [com.android.support:transition:27.1.1] AndroidManifest.xml:20:5-44
MERGED from [com.android.support:support-compat:27.1.1] AndroidManifest.xml:20:5-44
MERGED from [com.android.support:support-compat:27.1.1] AndroidManifest.xml:20:5-44
MERGED from [android.arch.lifecycle:livedata-core:1.1.0] AndroidManifest.xml:20:5-44
MERGED from [android.arch.lifecycle:livedata-core:1.1.0] AndroidManifest.xml:20:5-44
MERGED from [android.arch.lifecycle:viewmodel:1.1.0] AndroidManifest.xml:20:5-44
MERGED from [android.arch.lifecycle:viewmodel:1.1.0] AndroidManifest.xml:20:5-44
MERGED from [android.arch.lifecycle:runtime:1.1.0] AndroidManifest.xml:20:5-44
MERGED from [android.arch.lifecycle:runtime:1.1.0] AndroidManifest.xml:20:5-44
MERGED from [android.arch.core:runtime:1.1.0] AndroidManifest.xml:20:5-44
MERGED from [android.arch.core:runtime:1.1.0] AndroidManifest.xml:20:5-44
INJECTED from src\main\AndroidManifest.xml
INJECTED from src\main\AndroidManifest.xml
	android:targetSdkVersion
		INJECTED from src\main\AndroidManifest.xml
		ADDED from src\main\AndroidManifest.xml
		INJECTED from src\main\AndroidManifest.xml
	android:minSdkVersion
		INJECTED from src\main\AndroidManifest.xml
		ADDED from src\main\AndroidManifest.xml
		INJECTED from src\main\AndroidManifest.xml
activity#com.znt.push.MainActivity
ADDED from [:PushModel] AndroidManifest.xml:12:9-62
	android:name
		ADDED from [:PushModel] AndroidManifest.xml:12:19-59
service#com.znt.push.PushService
ADDED from [:PushModel] AndroidManifest.xml:14:9-17:39
	android:enabled
		ADDED from [:PushModel] AndroidManifest.xml:16:13-35
	android:exported
		ADDED from [:PushModel] AndroidManifest.xml:17:13-36
	android:name
		ADDED from [:PushModel] AndroidManifest.xml:15:13-52
receiver#com.znt.push.timer.RemindReceiver
ADDED from [:PushModel] AndroidManifest.xml:19:9-22:39
	android:enabled
		ADDED from [:PushModel] AndroidManifest.xml:21:13-35
	android:exported
		ADDED from [:PushModel] AndroidManifest.xml:22:13-36
	android:name
		ADDED from [:PushModel] AndroidManifest.xml:20:13-61
service#com.znt.push.timer.AlarmService
ADDED from [:PushModel] AndroidManifest.xml:24:9-27:39
	android:enabled
		ADDED from [:PushModel] AndroidManifest.xml:26:13-35
	android:exported
		ADDED from [:PushModel] AndroidManifest.xml:27:13-36
	android:name
		ADDED from [:PushModel] AndroidManifest.xml:25:13-59
uses-permission-sdk-23#android.permission.ACCESS_COARSE_LOCATION
ADDED from [:WiFiModel] AndroidManifest.xml:20:5-88
MERGED from [:DownloadModel] AndroidManifest.xml:19:5-88
MERGED from [:DownloadModel] AndroidManifest.xml:19:5-88
	android:name
		ADDED from [:WiFiModel] AndroidManifest.xml:20:29-85